<?xml version="1.0" encoding="UTF-8"?>
<!-- Generated by org.testng.reporters.JUnitReportReporter -->
<testsuite hostname="DESKTOP-KP2HK5D" failures="0" tests="1" name="MyTest.EonTest" time="11.523" errors="0" timestamp="2023-05-16T17:32:02 IST" skipped="0">
  <testcase classname="MyTest.EonTest" name="login" time="11.523"/>
  <system-out/>
</testsuite> <!-- MyTest.EonTest -->
